TN:
SF:c:/Users/ONews2/Documents/Fast-Food-Fast/app.js
FNF:0
FNH:0
DA:1,1
DA:2,1
DA:3,1
DA:4,1
DA:6,1
DA:8,1
DA:9,1
DA:11,1
DA:12,1
DA:13,1
DA:15,1
DA:16,1
DA:17,1
LF:13
LH:13
BRDA:9,0,0,1
BRDA:9,0,1,1
BRF:2
BRH:2
end_of_record
TN:
SF:c:/Users/ONews2/Documents/Fast-Food-Fast/server/controllers/adminController.js
FN:18,getAllOrders
FN:26,getSingleOrders
FN:28,(anonymous_3)
FN:38,createNewOrder
FN:55,editAnOrder
FN:57,(anonymous_6)
FN:75,deleteAnOrder
FN:77,(anonymous_8)
FN:81,(anonymous_9)
FNF:9
FNH:8
FNDA:1,getAllOrders
FNDA:1,getSingleOrders
FNDA:3,(anonymous_3)
FNDA:1,createNewOrder
FNDA:1,editAnOrder
FNDA:4,(anonymous_6)
FNDA:1,deleteAnOrder
FNDA:5,(anonymous_8)
FNDA:0,(anonymous_9)
DA:1,1
DA:2,1
DA:18,1
DA:19,1
DA:26,1
DA:27,1
DA:28,3
DA:29,1
DA:30,1
DA:32,0
DA:38,1
DA:39,1
DA:44,1
DA:46,1
DA:47,1
DA:48,1
DA:55,1
DA:56,1
DA:57,4
DA:58,1
DA:59,1
DA:60,1
DA:61,1
DA:62,1
DA:63,1
DA:65,0
DA:75,1
DA:76,1
DA:77,5
DA:78,1
DA:79,1
DA:81,0
DA:82,0
LF:33
LH:29
BRDA:29,0,0,1
BRDA:29,0,1,0
BRDA:58,1,0,1
BRDA:58,1,1,0
BRDA:78,2,0,1
BRDA:78,2,1,0
BRF:6
BRH:3
end_of_record
TN:
SF:c:/Users/ONews2/Documents/Fast-Food-Fast/server/controllers/userController.js
FN:21,getAllOrders
FN:30,getSingleOrders
FN:32,(anonymous_3)
FN:42,makeAnOrder
FN:60,cancelAnOrder
FN:62,(anonymous_6)
FN:66,(anonymous_7)
FNF:7
FNH:5
FNDA:1,getAllOrders
FNDA:1,getSingleOrders
FNDA:3,(anonymous_3)
FNDA:0,makeAnOrder
FNDA:1,cancelAnOrder
FNDA:3,(anonymous_6)
FNDA:0,(anonymous_7)
DA:1,1
DA:3,1
DA:21,1
DA:22,1
DA:30,1
DA:31,1
DA:32,3
DA:33,1
DA:34,1
DA:36,0
DA:42,1
DA:43,0
DA:48,0
DA:50,0
DA:51,0
DA:52,0
DA:60,1
DA:61,1
DA:62,3
DA:63,1
DA:64,1
DA:66,0
DA:67,0
LF:23
LH:15
BRDA:33,0,0,1
BRDA:33,0,1,0
BRDA:63,1,0,1
BRDA:63,1,1,0
BRF:4
BRH:2
end_of_record
TN:
SF:c:/Users/ONews2/Documents/Fast-Food-Fast/server/routes/adminRoutes.js
FN:11,adminRoutes
FNF:1
FNH:1
FNDA:1,adminRoutes
DA:1,1
DA:2,1
DA:11,1
DA:12,1
DA:13,1
DA:14,1
DA:15,1
DA:16,1
LF:8
LH:8
BRF:0
BRH:0
end_of_record
TN:
SF:c:/Users/ONews2/Documents/Fast-Food-Fast/server/routes/index.js
FN:5,routes
FN:6,(anonymous_2)
FN:10,(anonymous_3)
FNF:3
FNH:1
FNDA:1,routes
FNDA:0,(anonymous_2)
FNDA:0,(anonymous_3)
DA:1,1
DA:2,1
DA:5,1
DA:6,1
DA:10,1
DA:14,1
DA:15,1
LF:7
LH:7
BRF:0
BRH:0
end_of_record
TN:
SF:c:/Users/ONews2/Documents/Fast-Food-Fast/server/routes/userRoutes.js
FN:9,userRoutes
FNF:1
FNH:1
FNDA:1,userRoutes
DA:1,1
DA:2,1
DA:9,1
DA:13,1
DA:14,1
DA:15,1
DA:16,1
LF:7
LH:7
BRF:0
BRH:0
end_of_record
TN:
SF:c:/Users/ONews2/Documents/Fast-Food-Fast/server/test/adminRoutes.spec.js
FN:12,(anonymous_1)
FN:14,(anonymous_2)
FN:17,(anonymous_3)
FN:25,(anonymous_4)
FN:28,(anonymous_5)
FN:36,(anonymous_6)
FN:39,(anonymous_7)
FN:42,(anonymous_8)
FN:49,(anonymous_9)
FN:52,(anonymous_10)
FN:60,(anonymous_11)
FN:63,(anonymous_12)
FN:66,(anonymous_13)
FN:73,(anonymous_14)
FN:76,(anonymous_15)
FN:84,(anonymous_16)
FN:87,(anonymous_17)
FN:90,(anonymous_18)
FN:97,(anonymous_19)
FN:100,(anonymous_20)
FN:108,(anonymous_21)
FN:111,(anonymous_22)
FN:114,(anonymous_23)
FNF:23
FNH:22
FNDA:1,(anonymous_1)
FNDA:1,(anonymous_2)
FNDA:1,(anonymous_3)
FNDA:1,(anonymous_4)
FNDA:0,(anonymous_5)
FNDA:1,(anonymous_6)
FNDA:1,(anonymous_7)
FNDA:1,(anonymous_8)
FNDA:1,(anonymous_9)
FNDA:1,(anonymous_10)
FNDA:1,(anonymous_11)
FNDA:1,(anonymous_12)
FNDA:1,(anonymous_13)
FNDA:1,(anonymous_14)
FNDA:1,(anonymous_15)
FNDA:1,(anonymous_16)
FNDA:1,(anonymous_17)
FNDA:1,(anonymous_18)
FNDA:1,(anonymous_19)
FNDA:1,(anonymous_20)
FNDA:1,(anonymous_21)
FNDA:1,(anonymous_22)
FNDA:1,(anonymous_23)
DA:1,1
DA:3,1
DA:5,1
DA:7,1
DA:9,1
DA:12,1
DA:14,1
DA:15,1
DA:18,1
DA:19,1
DA:21,1
DA:25,1
DA:26,1
DA:29,0
DA:30,0
DA:32,1
DA:36,1
DA:37,1
DA:40,1
DA:43,1
DA:45,1
DA:49,1
DA:50,1
DA:53,1
DA:54,1
DA:56,1
DA:60,1
DA:61,1
DA:64,1
DA:67,1
DA:69,1
DA:73,1
DA:74,1
DA:77,1
DA:78,0
DA:80,1
DA:84,1
DA:85,1
DA:88,1
DA:91,1
DA:93,1
DA:97,1
DA:98,1
DA:101,1
DA:102,0
DA:104,1
DA:108,1
DA:109,1
DA:112,1
DA:115,1
DA:117,1
LF:51
LH:47
BRF:0
BRH:0
end_of_record
TN:
SF:c:/Users/ONews2/Documents/Fast-Food-Fast/server/test/userRoutes.spec.js
FN:12,(anonymous_1)
FN:14,(anonymous_2)
FN:17,(anonymous_3)
FN:25,(anonymous_4)
FN:28,(anonymous_5)
FN:36,(anonymous_6)
FN:39,(anonymous_7)
FN:42,(anonymous_8)
FN:49,(anonymous_9)
FN:52,(anonymous_10)
FN:60,(anonymous_11)
FN:63,(anonymous_12)
FN:66,(anonymous_13)
FN:73,(anonymous_14)
FN:76,(anonymous_15)
FN:84,(anonymous_16)
FN:87,(anonymous_17)
FN:90,(anonymous_18)
FNF:18
FNH:17
FNDA:1,(anonymous_1)
FNDA:1,(anonymous_2)
FNDA:1,(anonymous_3)
FNDA:1,(anonymous_4)
FNDA:0,(anonymous_5)
FNDA:1,(anonymous_6)
FNDA:1,(anonymous_7)
FNDA:1,(anonymous_8)
FNDA:1,(anonymous_9)
FNDA:1,(anonymous_10)
FNDA:1,(anonymous_11)
FNDA:1,(anonymous_12)
FNDA:1,(anonymous_13)
FNDA:1,(anonymous_14)
FNDA:1,(anonymous_15)
FNDA:1,(anonymous_16)
FNDA:1,(anonymous_17)
FNDA:1,(anonymous_18)
DA:1,1
DA:5,1
DA:7,1
DA:10,1
DA:12,1
DA:14,1
DA:15,1
DA:18,1
DA:19,1
DA:21,1
DA:25,1
DA:26,1
DA:29,0
DA:30,0
DA:32,1
DA:36,1
DA:37,1
DA:40,1
DA:43,1
DA:45,1
DA:49,1
DA:50,1
DA:53,1
DA:54,0
DA:56,1
DA:60,1
DA:61,1
DA:64,1
DA:67,1
DA:69,1
DA:73,1
DA:74,1
DA:77,1
DA:78,0
DA:80,1
DA:84,1
DA:85,1
DA:88,1
DA:91,1
DA:93,1
LF:40
LH:36
BRF:0
BRH:0
end_of_record
